# JRE version: OpenJDK Runtime Environment (8.0_212) (build 1.8.0_212-release-1586-b4-5784211)
# Java VM: OpenJDK 64-Bit Server VM (25.212-b4-5784211 mixed mode bsd-amd64 compressed oops)
Heap:
 PSYoungGen      total 116736K, used 58880K [0x00000007b5580000, 0x00000007c0000000, 0x00000007c0000000)
  eden space 58880K, 100% used [0x00000007b5580000,0x00000007b8f00000,0x00000007b8f00000)
  from space 57856K, 0% used [0x00000007b8f00000,0x00000007b8f00000,0x00000007bc780000)
  to   space 57856K, 0% used [0x00000007bc780000,0x00000007bc780000,0x00000007c0000000)
 ParOldGen       total 349696K, used 349681K [0x00000007a0000000, 0x00000007b5580000, 0x00000007b5580000)
  object space 349696K, 99% used [0x00000007a0000000,0x00000007b557c798,0x00000007b5580000)
 Metaspace       used 134497K, capacity 142364K, committed 145792K, reserved 1175552K
  class space    used 16626K, capacity 18261K, committed 19072K, reserved 1048576K
GC Heap History (10 events):
Event: 841.700 GC heap after
Heap after GC invocations=215 (full 70):
 PSYoungGen      total 116736K, used 58879K [0x00000007b5580000, 0x00000007c0000000, 0x00000007c0000000)
  eden space 58880K, 99% used [0x00000007b5580000,0x00000007b8efffa8,0x00000007b8f00000)
  from space 57856K, 0% used [0x00000007b8f00000,0x00000007b8f00000,0x00000007bc780000)
  to   space 57856K, 0% used [0x00000007bc780000,0x00000007bc780000,0x00000007c0000000)
 ParOldGen       total 349696K, used 349681K [0x00000007a0000000, 0x00000007b5580000, 0x00000007b5580000)
  object space 349696K, 99% used [0x00000007a0000000,0x00000007b557c6f8,0x00000007b5580000)
 Metaspace       used 134497K, capacity 142364K, committed 145792K, reserved 1175552K
  class space    used 16626K, capacity 18261K, committed 19072K, reserved 1048576K
}
Event: 841.702 GC heap before
{Heap before GC invocations=216 (full 71):
 PSYoungGen      total 116736K, used 58879K [0x00000007b5580000, 0x00000007c0000000, 0x00000007c0000000)
  eden space 58880K, 99% used [0x00000007b5580000,0x00000007b8efffd0,0x00000007b8f00000)
  from space 57856K, 0% used [0x00000007b8f00000,0x00000007b8f00000,0x00000007bc780000)
  to   space 57856K, 0% used [0x00000007bc780000,0x00000007bc780000,0x00000007c0000000)
 ParOldGen       total 349696K, used 349681K [0x00000007a0000000, 0x00000007b5580000, 0x00000007b5580000)
  object space 349696K, 99% used [0x00000007a0000000,0x00000007b557c6f8,0x00000007b5580000)
 Metaspace       used 134497K, capacity 142364K, committed 145792K, reserved 1175552K
  class space    used 16626K, capacity 18261K, committed 19072K, reserved 1048576K
Event: 843.197 GC heap after
Heap after GC invocations=216 (full 71):
 PSYoungGen      total 116736K, used 58879K [0x00000007b5580000, 0x00000007c0000000, 0x00000007c0000000)
  eden space 58880K, 99% used [0x00000007b5580000,0x00000007b8efffd0,0x00000007b8f00000)
  from space 57856K, 0% used [0x00000007b8f00000,0x00000007b8f00000,0x00000007bc780000)
  to   space 57856K, 0% used [0x00000007bc780000,0x00000007bc780000,0x00000007c0000000)
 ParOldGen       total 349696K, used 349681K [0x00000007a0000000, 0x00000007b5580000, 0x00000007b5580000)
  object space 349696K, 99% used [0x00000007a0000000,0x00000007b557c6f8,0x00000007b5580000)
 Metaspace       used 134497K, capacity 142364K, committed 145792K, reserved 1175552K
  class space    used 16626K, capacity 18261K, committed 19072K, reserved 1048576K
}
Event: 843.199 GC heap before
{Heap before GC invocations=217 (full 72):
 PSYoungGen      total 116736K, used 58880K [0x00000007b5580000, 0x00000007c0000000, 0x00000007c0000000)
  eden space 58880K, 100% used [0x00000007b5580000,0x00000007b8f00000,0x00000007b8f00000)
  from space 57856K, 0% used [0x00000007b8f00000,0x00000007b8f00000,0x00000007bc780000)
  to   space 57856K, 0% used [0x00000007bc780000,0x00000007bc780000,0x00000007c0000000)
 ParOldGen       total 349696K, used 349684K [0x00000007a0000000, 0x00000007b5580000, 0x00000007b5580000)
  object space 349696K, 99% used [0x00000007a0000000,0x00000007b557d338,0x00000007b5580000)
 Metaspace       used 134497K, capacity 142364K, committed 145792K, reserved 1175552K
  class space    used 16626K, capacity 18261K, committed 19072K, reserved 1048576K
Event: 845.152 GC heap after
Heap after GC invocations=217 (full 72):
 PSYoungGen      total 116736K, used 58879K [0x00000007b5580000, 0x00000007c0000000, 0x00000007c0000000)
  eden space 58880K, 99% used [0x00000007b5580000,0x00000007b8effdd8,0x00000007b8f00000)
  from space 57856K, 0% used [0x00000007b8f00000,0x00000007b8f00000,0x00000007bc780000)
  to   space 57856K, 0% used [0x00000007bc780000,0x00000007bc780000,0x00000007c0000000)
 ParOldGen       total 349696K, used 349683K [0x00000007a0000000, 0x00000007b5580000, 0x00000007b5580000)
  object space 349696K, 99% used [0x00000007a0000000,0x00000007b557ce80,0x00000007b5580000)
 Metaspace       used 134497K, capacity 142364K, committed 145792K, reserved 1175552K
  class space    used 16626K, capacity 18261K, committed 19072K, reserved 1048576K
}
Event: 845.152 GC heap before
{Heap before GC invocations=218 (full 73):
 PSYoungGen      total 116736K, used 58880K [0x00000007b5580000, 0x00000007c0000000, 0x00000007c0000000)
  eden space 58880K, 100% used [0x00000007b5580000,0x00000007b8f00000,0x00000007b8f00000)
  from space 57856K, 0% used [0x00000007b8f00000,0x00000007b8f00000,0x00000007bc780000)
  to   space 57856K, 0% used [0x00000007bc780000,0x00000007bc780000,0x00000007c0000000)
 ParOldGen       total 349696K, used 349683K [0x00000007a0000000, 0x00000007b5580000, 0x00000007b5580000)
  object space 349696K, 99% used [0x00000007a0000000,0x00000007b557ce80,0x00000007b5580000)
 Metaspace       used 134497K, capacity 142364K, committed 145792K, reserved 1175552K
  class space    used 16626K, capacity 18261K, committed 19072K, reserved 1048576K
Event: 846.673 GC heap after
Heap after GC invocations=218 (full 73):
 PSYoungGen      total 116736K, used 58879K [0x00000007b5580000, 0x00000007c0000000, 0x00000007c0000000)
  eden space 58880K, 99% used [0x00000007b5580000,0x00000007b8effe68,0x00000007b8f00000)
  from space 57856K, 0% used [0x00000007b8f00000,0x00000007b8f00000,0x00000007bc780000)
  to   space 57856K, 0% used [0x00000007bc780000,0x00000007bc780000,0x00000007c0000000)
 ParOldGen       total 349696K, used 349681K [0x00000007a0000000, 0x00000007b5580000, 0x00000007b5580000)
  object space 349696K, 99% used [0x00000007a0000000,0x00000007b557c798,0x00000007b5580000)
 Metaspace       used 134497K, capacity 142364K, committed 145792K, reserved 1175552K
  class space    used 16626K, capacity 18261K, committed 19072K, reserved 1048576K
}
Event: 846.674 GC heap before
{Heap before GC invocations=219 (full 74):
 PSYoungGen      total 116736K, used 58880K [0x00000007b5580000, 0x00000007c0000000, 0x00000007c0000000)
  eden space 58880K, 100% used [0x00000007b5580000,0x00000007b8f00000,0x00000007b8f00000)
  from space 57856K, 0% used [0x00000007b8f00000,0x00000007b8f00000,0x00000007bc780000)
  to   space 57856K, 0% used [0x00000007bc780000,0x00000007bc780000,0x00000007c0000000)
 ParOldGen       total 349696K, used 349681K [0x00000007a0000000, 0x00000007b5580000, 0x00000007b5580000)
  object space 349696K, 99% used [0x00000007a0000000,0x00000007b557c798,0x00000007b5580000)
 Metaspace       used 134497K, capacity 142364K, committed 145792K, reserved 1175552K
  class space    used 16626K, capacity 18261K, committed 19072K, reserved 1048576K
Event: 848.194 GC heap after
Heap after GC invocations=219 (full 74):
 PSYoungGen      total 116736K, used 58878K [0x00000007b5580000, 0x00000007c0000000, 0x00000007c0000000)
  eden space 58880K, 99% used [0x00000007b5580000,0x00000007b8effa00,0x00000007b8f00000)
  from space 57856K, 0% used [0x00000007b8f00000,0x00000007b8f00000,0x00000007bc780000)
  to   space 57856K, 0% used [0x00000007bc780000,0x00000007bc780000,0x00000007c0000000)
 ParOldGen       total 349696K, used 349681K [0x00000007a0000000, 0x00000007b5580000, 0x00000007b5580000)
  object space 349696K, 99% used [0x00000007a0000000,0x00000007b557c798,0x00000007b5580000)
 Metaspace       used 134497K, capacity 142364K, committed 145792K, reserved 1175552K
  class space    used 16626K, capacity 18261K, committed 19072K, reserved 1048576K
}
Event: 848.200 GC heap before
{Heap before GC invocations=220 (full 75):
 PSYoungGen      total 116736K, used 58880K [0x00000007b5580000, 0x00000007c0000000, 0x00000007c0000000)
  eden space 58880K, 100% used [0x00000007b5580000,0x00000007b8f00000,0x00000007b8f00000)
  from space 57856K, 0% used [0x00000007b8f00000,0x00000007b8f00000,0x00000007bc780000)
  to   space 57856K, 0% used [0x00000007bc780000,0x00000007bc780000,0x00000007c0000000)
 ParOldGen       total 349696K, used 349681K [0x00000007a0000000, 0x00000007b5580000, 0x00000007b5580000)
  object space 349696K, 99% used [0x00000007a0000000,0x00000007b557c798,0x00000007b5580000)
 Metaspace       used 134497K, capacity 142364K, committed 145792K, reserved 1175552K
  class space    used 16626K, capacity 18261K, committed 19072K, reserved 1048576K

