# JRE version: OpenJDK Runtime Environment (8.0_242) (build 1.8.0_242-release-1644-b3-6222593)
# Java VM: OpenJDK 64-Bit Server VM (25.242-b3-6222593 mixed mode bsd-amd64 compressed oops)
Heap:
 PSYoungGen      total 518144K, used 409211K [0x0000000795580000, 0x00000007bef00000, 0x00000007c0000000)
  eden space 371200K, 100% used [0x0000000795580000,0x00000007ac000000,0x00000007ac000000)
  from space 146944K, 25% used [0x00000007b5f80000,0x00000007b849ee10,0x00000007bef00000)
  to   space 155136K, 4% used [0x00000007ac000000,0x00000007ac7833c0,0x00000007b5780000)
 ParOldGen       total 1398272K, used 758415K [0x0000000740000000, 0x0000000795580000, 0x0000000795580000)
  object space 1398272K, 54% used [0x0000000740000000,0x000000076e4a3e18,0x0000000795580000)
 Metaspace       used 187540K, capacity 202979K, committed 203304K, reserved 1226752K
  class space    used 23302K, capacity 26323K, committed 26416K, reserved 1048576K
GC Heap History (10 events):
Event: 11723.610 GC heap after
Heap after GC invocations=128 (full 12):
 PSYoungGen      total 522752K, used 36724K [0x0000000795580000, 0x00000007bf400000, 0x00000007c0000000)
  eden space 370176K, 0% used [0x0000000795580000,0x0000000795580000,0x00000007abf00000)
  from space 152576K, 24% used [0x00000007b5f00000,0x00000007b82dd1c0,0x00000007bf400000)
  to   space 158208K, 0% used [0x00000007abf00000,0x00000007abf00000,0x00000007b5980000)
 ParOldGen       total 918528K, used 579219K [0x0000000740000000, 0x0000000778100000, 0x0000000795580000)
  object space 918528K, 63% used [0x0000000740000000,0x00000007635a4d80,0x0000000778100000)
 Metaspace       used 184020K, capacity 198519K, committed 198952K, reserved 1222656K
  class space    used 22844K, capacity 25725K, committed 25904K, reserved 1048576K
}
Event: 11727.240 GC heap before
{Heap before GC invocations=129 (full 12):
 PSYoungGen      total 522752K, used 406900K [0x0000000795580000, 0x00000007bf400000, 0x00000007c0000000)
  eden space 370176K, 100% used [0x0000000795580000,0x00000007abf00000,0x00000007abf00000)
  from space 152576K, 24% used [0x00000007b5f00000,0x00000007b82dd1c0,0x00000007bf400000)
  to   space 158208K, 0% used [0x00000007abf00000,0x00000007abf00000,0x00000007b5980000)
 ParOldGen       total 918528K, used 579219K [0x0000000740000000, 0x0000000778100000, 0x0000000795580000)
  object space 918528K, 63% used [0x0000000740000000,0x00000007635a4d80,0x0000000778100000)
 Metaspace       used 184045K, capacity 198539K, committed 198952K, reserved 1222656K
  class space    used 22847K, capacity 25729K, committed 25904K, reserved 1048576K
Event: 11727.629 GC heap after
Heap after GC invocations=129 (full 12):
 PSYoungGen      total 528384K, used 86673K [0x0000000795580000, 0x00000007c0000000, 0x00000007c0000000)
  eden space 370176K, 0% used [0x0000000795580000,0x0000000795580000,0x00000007abf00000)
  from space 158208K, 54% used [0x00000007abf00000,0x00000007b13a4480,0x00000007b5980000)
  to   space 159232K, 0% used [0x00000007b6480000,0x00000007b6480000,0x00000007c0000000)
 ParOldGen       total 918528K, used 579227K [0x0000000740000000, 0x0000000778100000, 0x0000000795580000)
  object space 918528K, 63% used [0x0000000740000000,0x00000007635a6d80,0x0000000778100000)
 Metaspace       used 184045K, capacity 198539K, committed 198952K, reserved 1222656K
  class space    used 22847K, capacity 25729K, committed 25904K, reserved 1048576K
}
Event: 11730.869 GC heap before
{Heap before GC invocations=130 (full 12):
 PSYoungGen      total 528384K, used 456849K [0x0000000795580000, 0x00000007c0000000, 0x00000007c0000000)
  eden space 370176K, 100% used [0x0000000795580000,0x00000007abf00000,0x00000007abf00000)
  from space 158208K, 54% used [0x00000007abf00000,0x00000007b13a4480,0x00000007b5980000)
  to   space 159232K, 0% used [0x00000007b6480000,0x00000007b6480000,0x00000007c0000000)
 ParOldGen       total 918528K, used 579227K [0x0000000740000000, 0x0000000778100000, 0x0000000795580000)
  object space 918528K, 63% used [0x0000000740000000,0x00000007635a6d80,0x0000000778100000)
 Metaspace       used 184049K, capacity 198603K, committed 198952K, reserved 1222656K
  class space    used 22847K, capacity 25729K, committed 25904K, reserved 1048576K
Event: 11731.389 GC heap after
Heap after GC invocations=130 (full 12):
 PSYoungGen      total 525312K, used 105803K [0x0000000795580000, 0x00000007c0000000, 0x00000007c0000000)
  eden space 366080K, 0% used [0x0000000795580000,0x0000000795580000,0x00000007abb00000)
  from space 159232K, 66% used [0x00000007b6480000,0x00000007bcbd2cc0,0x00000007c0000000)
  to   space 166400K, 0% used [0x00000007abb00000,0x00000007abb00000,0x00000007b5d80000)
 ParOldGen       total 918528K, used 611799K [0x0000000740000000, 0x0000000778100000, 0x0000000795580000)
  object space 918528K, 66% used [0x0000000740000000,0x0000000765575d00,0x0000000778100000)
 Metaspace       used 184049K, capacity 198603K, committed 198952K, reserved 1222656K
  class space    used 22847K, capacity 25729K, committed 25904K, reserved 1048576K
}
Event: 11737.552 GC heap before
{Heap before GC invocations=131 (full 12):
 PSYoungGen      total 525312K, used 471883K [0x0000000795580000, 0x00000007c0000000, 0x00000007c0000000)
  eden space 366080K, 100% used [0x0000000795580000,0x00000007abb00000,0x00000007abb00000)
  from space 159232K, 66% used [0x00000007b6480000,0x00000007bcbd2cc0,0x00000007c0000000)
  to   space 166400K, 0% used [0x00000007abb00000,0x00000007abb00000,0x00000007b5d80000)
 ParOldGen       total 918528K, used 611799K [0x0000000740000000, 0x0000000778100000, 0x0000000795580000)
  object space 918528K, 66% used [0x0000000740000000,0x0000000765575d00,0x0000000778100000)
 Metaspace       used 185831K, capacity 200655K, committed 201000K, reserved 1224704K
  class space    used 23102K, capacity 26021K, committed 26160K, reserved 1048576K
Event: 11738.422 GC heap after
Heap after GC invocations=131 (full 12):
 PSYoungGen      total 532480K, used 34575K [0x0000000795580000, 0x00000007bfd00000, 0x00000007c0000000)
  eden space 366080K, 0% used [0x0000000795580000,0x0000000795580000,0x00000007abb00000)
  from space 166400K, 20% used [0x00000007abb00000,0x00000007adcc3c98,0x00000007b5d80000)
  to   space 161280K, 0% used [0x00000007b5f80000,0x00000007b5f80000,0x00000007bfd00000)
 ParOldGen       total 918528K, used 717709K [0x0000000740000000, 0x0000000778100000, 0x0000000795580000)
  object space 918528K, 78% used [0x0000000740000000,0x000000076bce3580,0x0000000778100000)
 Metaspace       used 185831K, capacity 200655K, committed 201000K, reserved 1224704K
  class space    used 23102K, capacity 26021K, committed 26160K, reserved 1048576K
}
Event: 11745.875 GC heap before
{Heap before GC invocations=132 (full 12):
 PSYoungGen      total 532480K, used 400655K [0x0000000795580000, 0x00000007bfd00000, 0x00000007c0000000)
  eden space 366080K, 100% used [0x0000000795580000,0x00000007abb00000,0x00000007abb00000)
  from space 166400K, 20% used [0x00000007abb00000,0x00000007adcc3c98,0x00000007b5d80000)
  to   space 161280K, 0% used [0x00000007b5f80000,0x00000007b5f80000,0x00000007bfd00000)
 ParOldGen       total 918528K, used 717709K [0x0000000740000000, 0x0000000778100000, 0x0000000795580000)
  object space 918528K, 78% used [0x0000000740000000,0x000000076bce3580,0x0000000778100000)
 Metaspace       used 186768K, capacity 201963K, committed 202152K, reserved 1224704K
  class space    used 23217K, capacity 26193K, committed 26288K, reserved 1048576K
Event: 11746.757 GC heap after
Heap after GC invocations=132 (full 12):
 PSYoungGen      total 518144K, used 38011K [0x0000000795580000, 0x00000007bef00000, 0x00000007c0000000)
  eden space 371200K, 0% used [0x0000000795580000,0x0000000795580000,0x00000007ac000000)
  from space 146944K, 25% used [0x00000007b5f80000,0x00000007b849ee10,0x00000007bef00000)
  to   space 155136K, 0% used [0x00000007ac000000,0x00000007ac000000,0x00000007b5780000)
 ParOldGen       total 918528K, used 748703K [0x0000000740000000, 0x0000000778100000, 0x0000000795580000)
  object space 918528K, 81% used [0x0000000740000000,0x000000076db27c68,0x0000000778100000)
 Metaspace       used 186768K, capacity 201963K, committed 202152K, reserved 1224704K
  class space    used 23217K, capacity 26193K, committed 26288K, reserved 1048576K
}
Event: 11757.262 GC heap before
{Heap before GC invocations=133 (full 12):
 PSYoungGen      total 518144K, used 409211K [0x0000000795580000, 0x00000007bef00000, 0x00000007c0000000)
  eden space 371200K, 100% used [0x0000000795580000,0x00000007ac000000,0x00000007ac000000)
  from space 146944K, 25% used [0x00000007b5f80000,0x00000007b849ee10,0x00000007bef00000)
  to   space 155136K, 0% used [0x00000007ac000000,0x00000007ac000000,0x00000007b5780000)
 ParOldGen       total 918528K, used 748703K [0x0000000740000000, 0x0000000778100000, 0x0000000795580000)
  object space 918528K, 81% used [0x0000000740000000,0x000000076db27c68,0x0000000778100000)
 Metaspace       used 187540K, capacity 202979K, committed 203304K, reserved 1226752K
  class space    used 23302K, capacity 26323K, committed 26416K, reserved 1048576K

